#
# A fatal error has been detected by the Java Runtime Environment:
#
#  EXCEPTION_ACCESS_VIOLATION (0xc0000005) at pc=0x00007fffb4043004, pid=8848, tid=3788
#
# JRE version: Java(TM) SE Runtime Environment (24.0.1+9) (build 24.0.1+9-30)
# Java VM: Java HotSpot(TM) 64-Bit Server VM (24.0.1+9-30, mixed mode, sharing, tiered, compressed oops, compressed class ptrs, g1 gc, windows-amd64)
# Problematic frame:
# C  [libasyncProfiler.dll+0x93004]
#
# No core dump will be written. Minidumps are not enabled by default on client versions of Windows
#
# JFR recording file will be written. Location: C:\Users\Merab\IdeaProjects\task1\hs_err_pid8848.jfr
#
# If you would like to submit a bug report, please visit:
#   https://bugreport.java.com/bugreport/crash.jsp
# The crash happened outside the Java Virtual Machine in native code.
# See problematic frame for where to report the bug.
#

---------------  S U M M A R Y ------------

Command Line: -ea -Didea.test.cyclic.buffer.size=1048576 -javaagent:D:\IntelliJ IDEA 2024.3.5\lib\idea_rt.jar=62920 -javaagent:C:\Users\Merab\AppData\Local\JetBrains\IntelliJIdea2024.3\captureAgent\debugger-agent.jar -Dkotlinx.coroutines.debug.enable.creation.stack.trace=false -Ddebugger.agent.enable.coroutines=true -Dkotlinx.coroutines.debug.enable.flows.stack.trace=true -Dkotlinx.coroutines.debug.enable.mutable.state.flows.stack.trace=true -agentpath:C:\Users\Merab\AppData\Local\Temp\idea_libasyncProfiler_dll_temp_folder3\libasyncProfiler.dll=start,jfr,event=wall,interval=10ms,jfrsync=profile,cstack=no,file=C:\Users\Merab\IdeaSnapshots\java_in_task1_2025_06_15_183505.jfr,dbghelppath=C:\Users\Merab\AppData\Local\Temp\idea_dbghelp_dll_temp_folder\dbghelp.dll,log=C:\Users\Merab\AppData\Local\Temp\java_in_task1_2025_06_15_183505.jfr.log.txt,logLevel=DEBUG -Dfile.encoding=UTF-8 -Dsun.stdout.encoding=UTF-8 -Dsun.stderr.encoding=UTF-8 com.intellij.rt.junit.JUnitStarter -ideVersion5 -junit5 @w@C:\Users\Merab\AppData\Local\Temp\idea_working_dirs_junit.tmp @C:\Users\Merab\AppData\Local\Temp\idea_junit.tmp -socket62919

Host: Intel(R) Core(TM) i5-10210U CPU @ 1.60GHz, 8 cores, 15G,  Windows 10 , 64 bit Build 19041 (10.0.19041.5678)
Time: Sun Jun 15 18:35:06 2025 Georgian Standard Time elapsed time: 0.713222 seconds (0d 0h 0m 0s)

---------------  T H R E A D  ---------------

Current thread (0x000002a88faae180):  JavaThread "main"             [_thread_in_native, id=3788, stack(0x000000c64ce00000,0x000000c64cf00000) (1024K)]

Stack: [0x000000c64ce00000,0x000000c64cf00000],  sp=0x000000c64cefe660,  free space=1017k
Native frames: (J=compiled Java code, j=interpreted, Vv=VM code, C=native code)
C  [libasyncProfiler.dll+0x93004]  (no source info available)
C  [libasyncProfiler.dll+0x934db]  (no source info available)
C  [libasyncProfiler.dll+0x92134]  (no source info available)
C  [libasyncProfiler.dll+0x929aa]  (no source info available)
C  [libasyncProfiler.dll+0x8d561]  (no source info available)
C  [libasyncProfiler.dll+0x7ef21]  (no source info available)
C  [libasyncProfiler.dll+0x7dc38]  (no source info available)
C  [libasyncProfiler.dll+0x7db20]  (no source info available)
C  [libasyncProfiler.dll+0x83c3c]  (no source info available)
V  [jvm.dll+0x5e38de]  (no source info available)
V  [jvm.dll+0x886056]  (no source info available)
V  [jvm.dll+0x495f3e]  (no source info available)
V  [jvm.dll+0x497d11]  (no source info available)
C  [jli.dll+0x52a1]  (no source info available)
C  [ucrtbase.dll+0x21bb2]  (no source info available)
C  [KERNEL32.DLL+0x17374]  (no source info available)
C  [ntdll.dll+0x4cc91]  (no source info available)


siginfo: EXCEPTION_ACCESS_VIOLATION (0xc0000005), reading address 0xffffffffffffffff


Registers:
RAX=0x0000000000000010, RBX=0x0000000000000000, RCX=0xffffffffffffffff, RDX=0x007fff88e1301010
RSP=0x000000c64cefe660, RBP=0x000002a8f345ec40, RSI=0x000000c64cefe7d0, RDI=0x000002a8f345ec40
R8 =0x0000000000000042, R9 =0x0000000713401ed8, R10=0x00007fff89089fb0, R11=0x0000000000000004
R12=0x000000c64cefe7d0, R13=0x000002a891c05240, R14=0x000002a88faae548, R15=0x000002a88faae548
RIP=0x00007fffb4043004, EFLAGS=0x0000000000010202

XMM[0]=0x0000000000000000 0x0000000000000000
XMM[1]=0x0000000000000000 0x0000000000000000
XMM[2]=0x0000000000000000 0x0000000000000000
XMM[3]=0x0000000000000000 0x0000000000000000
XMM[4]=0x0000000000000000 0x0000000000000000
XMM[5]=0x0000000000000000 0x0000000000000000
XMM[6]=0x0000000000000000 0x0000000000000000
XMM[7]=0x0000000000000000 0x0000000000000000
XMM[8]=0x0000000000000000 0x0000000000000000
XMM[9]=0x0000000000000000 0x0000000000000000
XMM[10]=0x0000000000000000 0x0000000000000000
XMM[11]=0x0000000000000000 0x0000000000000000
XMM[12]=0x0000000000000000 0x0000000000000000
XMM[13]=0x0000000000000000 0x0000000000000000
XMM[14]=0x0000000000000000 0x0000000000000000
XMM[15]=0x0000000000000000 0x0000000000000000
  MXCSR=0x00001fa0


Register to memory mapping:

RAX=0x0000000000000010 is an unknown value
RBX=0x0 is null
RCX=0xffffffffffffffff is an unknown value
RDX=0x007fff88e1301010 is an unknown value
RSP=0x000000c64cefe660 is pointing into the stack for thread: 0x000002a88faae180
RBP=0x000002a8f345ec40 points into unknown readable memory: 0x0000000713401ed8 | d8 1e 40 13 07 00 00 00
RSI=0x000000c64cefe7d0 is pointing into the stack for thread: 0x000002a88faae180
RDI=0x000002a8f345ec40 points into unknown readable memory: 0x0000000713401ed8 | d8 1e 40 13 07 00 00 00
R8 =0x0000000000000042 is an unknown value
R9 =0x0000000713401ed8 is an oop: java.lang.Thread 
{0x0000000713401ed8} - klass: 'java/lang/Thread' - flags: 

 - ---- fields (total size 14 words):
 - 'threadLocalRandomProbe' 'I' @12  0 (0x00000000)
 - private volatile 'eetop' 'J' @16  2922988102016 (0x000002a88faae180)
 - private final 'tid' 'J' @24  3 (0x0000000000000003)
 - 'threadLocalRandomSeed' 'J' @32  0 (0x0000000000000000)
 - injected 'jvmti_thread_state' 'J' @40  2922987173632 (0x000002a88f9cb700)
 - 'threadLocalRandomSecondarySeed' 'I' @48  0 (0x00000000)
 - injected 'jvmti_VTMS_transition_disable_count' 'I' @52  0 (0x00000000)
 - injected 'jfr_epoch' 'S' @56  0 (0x0000)
 - volatile 'interrupted' 'Z' @58  false (0x00)
 - injected 'jvmti_is_in_VTMS_transition' 'Z' @59  false (0x00)
 - private volatile 'name' 'Ljava/lang/String;' @60  "main"{0x0000000713401f48} (0xe26803e9)
 - private volatile 'contextClassLoader' 'Ljava/lang/ClassLoader;' @64  a 'jdk/internal/loader/ClassLoaders$AppClassLoader'{0x0000000713438d30} (0xe26871a6)
 - private final 'holder' 'Ljava/lang/Thread$FieldHolder;' @68  a 'java/lang/Thread$FieldHolder'{0x0000000713401f88} (0xe26803f1)
 - 'threadLocals' 'Ljava/lang/ThreadLocal$ThreadLocalMap;' @72  a 'java/lang/ThreadLocal$ThreadLocalMap'{0x000000071325f828} (0xe264bf05)
 - 'inheritableThreadLocals' 'Ljava/lang/ThreadLocal$ThreadLocalMap;' @76  null (0x00000000)
 - private 'scopedValueBindings' 'Ljava/lang/Object;' @80  a 'java/lang/Class'{0x00000007ffe7c890} = 'java/lang/Thread' (0xfffcf912)
 - final 'interruptLock' 'Ljava/lang/Object;' @84  a 'java/lang/Object'{0x0000000713401f78} (0xe26803ef)
 - private volatile 'parkBlocker' 'Ljava/lang/Object;' @88  null (0x00000000)
 - private 'nioBlocker' 'Lsun/nio/ch/Interruptible;' @92  null (0x00000000)
 - private 'cont' 'Ljdk/internal/vm/Continuation;' @96  null (0x00000000)
 - private volatile 'uncaughtExceptionHandler' 'Ljava/lang/Thread$UncaughtExceptionHandler;' @100  null (0x00000000)
 - private 'container' 'Ljdk/internal/vm/ThreadContainer;' @104  null (0x00000000)
 - private volatile 'headStackableScopes' 'Ljdk/internal/vm/StackableScope;' @108  null (0x00000000)
R10=0x00007fff89089fb0 jvm.dll
R11=0x0000000000000004 is an unknown value
R12=0x000000c64cefe7d0 is pointing into the stack for thread: 0x000002a88faae180
R13=0x000002a891c05240 points into unknown readable memory: 0x00007fff88ffa510 | 10 a5 ff 88 ff 7f 00 00
R14=0x000002a88faae548 points into unknown readable memory: 0x00007fff88ff17b0 | b0 17 ff 88 ff 7f 00 00
R15=0x000002a88faae548 points into unknown readable memory: 0x00007fff88ff17b0 | b0 17 ff 88 ff 7f 00 00

Top of Stack: (sp=0x000000c64cefe660)
0x000000c64cefe660:   000000c64cefe7d0 000002a8f345ec40   ...L....@.E.....
0x000000c64cefe670:   0000000000000000 000002a891c092b0   ................
0x000000c64cefe680:   000000000000001a 00007fffb40434db   .........4......
0x000000c64cefe690:   0000000000000000 000002a88faae548   ........H.......
0x000000c64cefe6a0:   000000c64cefe701 0000000000000000   ...L............
0x000000c64cefe6b0:   000002a8f930dbb0 00007fffb4042134   ..0.....4!......
0x000000c64cefe6c0:   0000000000000000 000000000000001a   ................
0x000000c64cefe6d0:   0000000000000000 000000000000001a   ................
0x000000c64cefe6e0:   0000000900000000 000002a8f92c2d70   ........p-,.....
0x000000c64cefe6f0:   000002a8f930dbb0 000002a8f930dc18   ..0.......0.....
0x000000c64cefe700:   000002a8f930dc20 000000c600000508    .0.............
0x000000c64cefe710:   0000000000000000 0000000000000000   ................
0x000000c64cefe720:   0000000000000000 00007fff888557d4   .........W......
0x000000c64cefe730:   00007fffb419ae00 0000000000002290   ........."......
0x000000c64cefe740:   00007fffb419ae00 00000000ffffffff   ................
0x000000c64cefe750:   0000000000000000 00007fffb40429aa   .........)......
0x000000c64cefe760:   000002a88faae548 0000000000000000   H...............
0x000000c64cefe770:   000000c64cefe7d9 000002a891c05240   ...L....@R......
0x000000c64cefe780:   000002a8000021b4 0000000000000000   .!..............
0x000000c64cefe790:   000002a88f8c0000 00007fffb4144118   .........A......
0x000000c64cefe7a0:   000002a88faae548 00007fffb419ae00   H...............
0x000000c64cefe7b0:   0000000000100000 0000000000001000   ................
0x000000c64cefe7c0:   000000c64cefe968 000002a88faae548   h..L....H.......
0x000000c64cefe7d0:   000002a8f96b0420 000002a8f96b0760    .k.....`.k.....
0x000000c64cefe7e0:   000002a8f96b0760 00007fffb419ae00   `.k.............
0x000000c64cefe7f0:   000000c64cefe968 000002a88f9b0000   h..L............
0x000000c64cefe800:   000000c64cefeaa0 0000000000008840   ...L....@.......
0x000000c64cefe810:   00007fffb418d080 00007fffb419ae50   ........P.......
0x000000c64cefe820:   0000000000989680 0000000000989680   ................
0x000000c64cefe830:   000000c64cefe940 00007fffb403d561   @..L....a.......
0x000000c64cefe840:   00007fffb419ae00 00007fffb419ae58   ........X.......
0x000000c64cefe850:   00007fff00000000 000002a800000001   ................

Instructions: (pc=0x00007fffb4043004)
  0x00007fffb4042f04:   cc cc cc cc cc cc cc cc cc cc cc cc cc cc cc cc
  0x00007fffb4042f14:   cc cc cc cc cc cc cc cc cc cc cc cc cc cc cc cc
  0x00007fffb4042f24:   cc cc cc cc cc cc cc cc cc cc cc cc cc cc cc cc
  0x00007fffb4042f34:   cc cc cc cc cc cc cc cc cc cc cc cc cc cc cc cc
  0x00007fffb4042f44:   cc cc cc cc cc cc cc cc cc cc cc cc cc cc cc cc
  0x00007fffb4042f54:   cc cc cc cc cc cc cc cc cc cc cc cc cc cc cc cc
  0x00007fffb4042f64:   cc cc cc cc cc cc cc cc cc cc cc cc cc cc cc cc
  0x00007fffb4042f74:   cc cc cc cc cc cc cc cc cc cc cc cc cc cc cc cc
  0x00007fffb4042f84:   cc cc cc cc cc cc cc cc cc cc cc cc 40 57 48 83
  0x00007fffb4042f94:   ec 20 48 8b f9 48 8b 0d 30 80 15 00 48 85 c9 74
  0x00007fffb4042fa4:   20 48 8b 01 48 8d 54 24 38 41 b8 06 00 01 00 4c
  0x00007fffb4042fb4:   8b 48 30 41 ff d1 85 c0 75 07 48 8b 4c 24 38 eb
  0x00007fffb4042fc4:   02 33 c9 4c 8b 05 0a 81 15 00 48 89 5c 24 30 4d
  0x00007fffb4042fd4:   85 c0 74 4a 48 8b 01 48 8b d7 4c 8b 88 28 03 00
  0x00007fffb4042fe4:   00 41 ff d1 48 85 c0 74 35 48 63 0d b8 3d 15 00
  0x00007fffb4042ff4:   48 8b 14 01 48 85 d2 74 15 48 63 05 bc 3d 15 00
=>0x00007fffb4043004:   8b 04 10 48 8b 5c 24 30 48 83 c4 20 5f c3 b8 ff
  0x00007fffb4043014:   ff ff ff 48 8b 5c 24 30 48 83 c4 20 5f c3 80 3d
  0x00007fffb4043024:   bb 7f 15 00 00 bb ff ff ff ff 74 20 4c 8b 0d 51
  0x00007fffb4043034:   7c 15 00 4c 8d 44 24 38 48 8b 0d 35 7c 15 00 48
  0x00007fffb4043044:   8b d7 41 ff d1 85 c0 0f 44 5c 24 38 8b c3 48 8b
  0x00007fffb4043054:   5c 24 30 48 83 c4 20 5f c3 cc cc cc cc cc cc cc
  0x00007fffb4043064:   cc cc cc cc cc cc cc cc cc cc cc cc cc cc cc cc
  0x00007fffb4043074:   cc cc cc cc cc cc cc cc cc cc cc cc cc cc cc cc
  0x00007fffb4043084:   cc cc cc cc cc cc cc cc cc cc cc cc 48 89 54 24
  0x00007fffb4043094:   10 53 55 56 57 41 56 41 57 48 83 ec 28 48 8b f2
  0x00007fffb40430a4:   4c 8b f1 48 89 4c 24 78 45 33 ff 44 89 7c 24 68
  0x00007fffb40430b4:   c7 44 24 60 01 00 00 00 48 8d 4c 24 68 e8 69 3c
  0x00007fffb40430c4:   f7 ff 8b d8 48 8d 4c 24 60 e8 5d 3c f7 ff 8b e8
  0x00007fffb40430d4:   49 8b ce e8 33 f3 f6 ff 48 8b f8 90 8b c3 f0 0f
  0x00007fffb40430e4:   b1 2f 74 04 f3 90 eb f4 4c 89 3e 4c 89 7e 08 4c
  0x00007fffb40430f4:   89 7e 10 49 8b 6e 08 4d 8b 76 10 49 3b ee 0f 84


Stack slot to memory mapping:

stack at sp + 0 slots: 0x000000c64cefe7d0 is pointing into the stack for thread: 0x000002a88faae180
stack at sp + 1 slots: 0x000002a8f345ec40 points into unknown readable memory: 0x0000000713401ed8 | d8 1e 40 13 07 00 00 00
stack at sp + 2 slots: 0x0 is null
stack at sp + 3 slots: 0x000002a891c092b0 points into unknown readable memory: 0x6e616c2e6176616a | 6a 61 76 61 2e 6c 61 6e
stack at sp + 4 slots: 0x000000000000001a is an unknown value
stack at sp + 5 slots: 0x00007fffb40434db libasyncProfiler.dll
stack at sp + 6 slots: 0x0 is null
stack at sp + 7 slots: 0x000002a88faae548 points into unknown readable memory: 0x00007fff88ff17b0 | b0 17 ff 88 ff 7f 00 00

Lock stack of current Java thread (top to bottom):


---------------  P R O C E S S  ---------------

Threads class SMR info:
_java_thread_list=0x000002a8f93760e0, length=15, elements={
0x000002a88faae180, 0x000002a891905f80, 0x000002a89190fb10, 0x000002a8919150d0,
0x000002a891915e20, 0x000002a8919169a0, 0x000002a891919580, 0x000002a8f312dfd0,
0x000002a8f312eb50, 0x000002a891919cd0, 0x000002a8919170f0, 0x000002a8f816f790,
0x000002a891917840, 0x000002a8f93590c0, 0x000002a8f939e570
}

Java Threads: ( => current thread )
=>0x000002a88faae180 JavaThread "main"                              [_thread_in_native, id=3788, stack(0x000000c64ce00000,0x000000c64cf00000) (1024K)]
  0x000002a891905f80 JavaThread "Reference Handler"          daemon [_thread_blocked, id=7892, stack(0x000000c64d600000,0x000000c64d700000) (1024K)]
  0x000002a89190fb10 JavaThread "Finalizer"                  daemon [_thread_blocked, id=6096, stack(0x000000c64d700000,0x000000c64d800000) (1024K)]
  0x000002a8919150d0 JavaThread "Signal Dispatcher"          daemon [_thread_blocked, id=8584, stack(0x000000c64d800000,0x000000c64d900000) (1024K)]
  0x000002a891915e20 JavaThread "Attach Listener"            daemon [_thread_blocked, id=3752, stack(0x000000c64d900000,0x000000c64da00000) (1024K)]
  0x000002a8919169a0 JavaThread "Service Thread"             daemon [_thread_blocked, id=13916, stack(0x000000c64da00000,0x000000c64db00000) (1024K)]
  0x000002a891919580 JavaThread "Monitor Deflation Thread"   daemon [_thread_blocked, id=5236, stack(0x000000c64db00000,0x000000c64dc00000) (1024K)]
  0x000002a8f312dfd0 JavaThread "C2 CompilerThread0"         daemon [_thread_blocked, id=11660, stack(0x000000c64dc00000,0x000000c64dd00000) (1024K)]
  0x000002a8f312eb50 JavaThread "C1 CompilerThread0"         daemon [_thread_blocked, id=12836, stack(0x000000c64dd00000,0x000000c64de00000) (1024K)]
  0x000002a891919cd0 JavaThread "Common-Cleaner"             daemon [_thread_blocked, id=6404, stack(0x000000c64de00000,0x000000c64df00000) (1024K)]
  0x000002a8919170f0 JavaThread "Monitor Ctrl-Break"         daemon [_thread_in_native, id=2084, stack(0x000000c64df00000,0x000000c64e000000) (1024K)]
  0x000002a8f816f790 JavaThread "C2 CompilerThread1"         daemon [_thread_in_native, id=10104, stack(0x000000c64e000000,0x000000c64e100000) (1024K)]
  0x000002a891917840 JavaThread "JFR Recorder Thread"        daemon [_thread_in_native, id=13620, stack(0x000000c64e100000,0x000000c64e200000) (1024K)]
  0x000002a8f93590c0 JavaThread "C2 CompilerThread2"         daemon [_thread_blocked, id=14920, stack(0x000000c64e200000,0x000000c64e300000) (1024K)]
  0x000002a8f939e570 JavaThread "JFR Periodic Tasks"         daemon [_thread_blocked, id=1288, stack(0x000000c64e300000,0x000000c64e400000) (1024K)]
Total: 15

Other Threads:
  0x000002a8918f4e00 VMThread "VM Thread"                           [id=1976, stack(0x000000c64d500000,0x000000c64d600000) (1024K)]
  0x000002a8f311c0d0 WatcherThread "VM Periodic Task Thread"        [id=9800, stack(0x000000c64d400000,0x000000c64d500000) (1024K)]
  0x000002a8917e8120 WorkerThread "GC Thread#0"                     [id=1768, stack(0x000000c64cf00000,0x000000c64d000000) (1024K)]
  0x000002a8917fefe0 ConcurrentGCThread "G1 Main Marker"            [id=14632, stack(0x000000c64d000000,0x000000c64d100000) (1024K)]
  0x000002a8918015b0 WorkerThread "G1 Conc#0"                       [id=12884, stack(0x000000c64d100000,0x000000c64d200000) (1024K)]
  0x000002a8918c5770 ConcurrentGCThread "G1 Refine#0"               [id=5300, stack(0x000000c64d200000,0x000000c64d300000) (1024K)]
  0x000002a8918c6200 ConcurrentGCThread "G1 Service"                [id=6856, stack(0x000000c64d300000,0x000000c64d400000) (1024K)]
Total: 7

Threads with active compile tasks:
C2 CompilerThread1  811 1321       4       jdk.jfr.internal.MetadataWriter::buildStringPool (109 bytes)
Total: 1

VM state: not at safepoint (normal execution)

VM Mutex/Monitor currently owned by a thread: None

Heap address: 0x0000000703800000, size: 4040 MB, Compressed Oops mode: Zero based, Oop shift amount: 3

CDS archive(s) mapped at: [0x000002a8b2000000-0x000002a8b2d40000-0x000002a8b2d40000), size 13893632, SharedBaseAddress: 0x000002a8b2000000, ArchiveRelocationMode: 1.
Compressed class space mapped at: 0x000002a8b3000000-0x000002a8f3000000, reserved size: 1073741824
UseCompressedClassPointers 1, UseCompactObjectHeaders 0
Narrow klass pointer bits 32, Max shift 3
Narrow klass base: 0x000002a8b2000000, Narrow klass shift: 0
Encoding Range: [0x000002a8b2000000 - 0x000002a9b2000000), (4294967296 bytes)
Klass Range:    [0x000002a8b2000000 - 0x000002a8f3000000), (1090519040 bytes)
Klass ID Range:  [8 - 1090519033) (1090519025)

GC Precious Log:
 CardTable entry size: 512
 Card Set container configuration: InlinePtr #cards 4 size 8 Array Of Cards #cards 16 size 48 Howl #buckets 8 coarsen threshold 3686 Howl Bitmap #cards 512 size 80 coarsen threshold 460 Card regions per heap region 1 cards per card region 4096
 CPUs: 8 total, 8 available
 Memory: 16157M
 Large Page Support: Disabled
 NUMA Support: Disabled
 Compressed Oops: Enabled (Zero based)
 Heap Region Size: 2M
 Heap Min Capacity: 8M
 Heap Initial Capacity: 254M
 Heap Max Capacity: 4040M
 Pre-touch: Disabled
 Parallel Workers: 8
 Concurrent Workers: 2
 Concurrent Refinement Workers: 8
 Periodic GC: Disabled

Heap:
 garbage-first heap   total reserved 4136960K, committed 262144K, used 25716K [0x0000000703800000, 0x0000000800000000)
  region size 2048K, 14 young (28672K), 0 survivors (0K)
 Metaspace       used 5509K, committed 5696K, reserved 1114112K
  class space    used 449K, committed 512K, reserved 1048576K

Heap Regions: E=young(eden), S=young(survivor), O=old, HS=humongous(starts), HC=humongous(continues), CS=collection set, F=free, TAMS=top-at-mark-start, PB=parsable bottom
|   0|0x0000000703800000, 0x0000000703800000, 0x0000000703a00000|  0%| F|  |TAMS 0x0000000703800000| PB 0x0000000703800000| Untracked |  0
|   1|0x0000000703a00000, 0x0000000703a00000, 0x0000000703c00000|  0%| F|  |TAMS 0x0000000703a00000| PB 0x0000000703a00000| Untracked |  0
|   2|0x0000000703c00000, 0x0000000703c00000, 0x0000000703e00000|  0%| F|  |TAMS 0x0000000703c00000| PB 0x0000000703c00000| Untracked |  0
|   3|0x0000000703e00000, 0x0000000703e00000, 0x0000000704000000|  0%| F|  |TAMS 0x0000000703e00000| PB 0x0000000703e00000| Untracked |  0
|   4|0x0000000704000000, 0x0000000704000000, 0x0000000704200000|  0%| F|  |TAMS 0x0000000704000000| PB 0x0000000704000000| Untracked |  0
|   5|0x0000000704200000, 0x0000000704200000, 0x0000000704400000|  0%| F|  |TAMS 0x0000000704200000| PB 0x0000000704200000| Untracked |  0
|   6|0x0000000704400000, 0x0000000704400000, 0x0000000704600000|  0%| F|  |TAMS 0x0000000704400000| PB 0x0000000704400000| Untracked |  0
|   7|0x0000000704600000, 0x0000000704600000, 0x0000000704800000|  0%| F|  |TAMS 0x0000000704600000| PB 0x0000000704600000| Untracked |  0
|   8|0x0000000704800000, 0x0000000704800000, 0x0000000704a00000|  0%| F|  |TAMS 0x0000000704800000| PB 0x0000000704800000| Untracked |  0
|   9|0x0000000704a00000, 0x0000000704a00000, 0x0000000704c00000|  0%| F|  |TAMS 0x0000000704a00000| PB 0x0000000704a00000| Untracked |  0
|  10|0x0000000704c00000, 0x0000000704c00000, 0x0000000704e00000|  0%| F|  |TAMS 0x0000000704c00000| PB 0x0000000704c00000| Untracked |  0
|  11|0x0000000704e00000, 0x0000000704e00000, 0x0000000705000000|  0%| F|  |TAMS 0x0000000704e00000| PB 0x0000000704e00000| Untracked |  0
|  12|0x0000000705000000, 0x0000000705000000, 0x0000000705200000|  0%| F|  |TAMS 0x0000000705000000| PB 0x0000000705000000| Untracked |  0
|  13|0x0000000705200000, 0x0000000705200000, 0x0000000705400000|  0%| F|  |TAMS 0x0000000705200000| PB 0x0000000705200000| Untracked |  0
|  14|0x0000000705400000, 0x0000000705400000, 0x0000000705600000|  0%| F|  |TAMS 0x0000000705400000| PB 0x0000000705400000| Untracked |  0
|  15|0x0000000705600000, 0x0000000705600000, 0x0000000705800000|  0%| F|  |TAMS 0x0000000705600000| PB 0x0000000705600000| Untracked |  0
|  16|0x0000000705800000, 0x0000000705800000, 0x0000000705a00000|  0%| F|  |TAMS 0x0000000705800000| PB 0x0000000705800000| Untracked |  0
|  17|0x0000000705a00000, 0x0000000705a00000, 0x0000000705c00000|  0%| F|  |TAMS 0x0000000705a00000| PB 0x0000000705a00000| Untracked |  0
|  18|0x0000000705c00000, 0x0000000705c00000, 0x0000000705e00000|  0%| F|  |TAMS 0x0000000705c00000| PB 0x0000000705c00000| Untracked |  0
|  19|0x0000000705e00000, 0x0000000705e00000, 0x0000000706000000|  0%| F|  |TAMS 0x0000000705e00000| PB 0x0000000705e00000| Untracked |  0
|  20|0x0000000706000000, 0x0000000706000000, 0x0000000706200000|  0%| F|  |TAMS 0x0000000706000000| PB 0x0000000706000000| Untracked |  0
|  21|0x0000000706200000, 0x0000000706200000, 0x0000000706400000|  0%| F|  |TAMS 0x0000000706200000| PB 0x0000000706200000| Untracked |  0
|  22|0x0000000706400000, 0x0000000706400000, 0x0000000706600000|  0%| F|  |TAMS 0x0000000706400000| PB 0x0000000706400000| Untracked |  0
|  23|0x0000000706600000, 0x0000000706600000, 0x0000000706800000|  0%| F|  |TAMS 0x0000000706600000| PB 0x0000000706600000| Untracked |  0
|  24|0x0000000706800000, 0x0000000706800000, 0x0000000706a00000|  0%| F|  |TAMS 0x0000000706800000| PB 0x0000000706800000| Untracked |  0
|  25|0x0000000706a00000, 0x0000000706a00000, 0x0000000706c00000|  0%| F|  |TAMS 0x0000000706a00000| PB 0x0000000706a00000| Untracked |  0
|  26|0x0000000706c00000, 0x0000000706c00000, 0x0000000706e00000|  0%| F|  |TAMS 0x0000000706c00000| PB 0x0000000706c00000| Untracked |  0
|  27|0x0000000706e00000, 0x0000000706e00000, 0x0000000707000000|  0%| F|  |TAMS 0x0000000706e00000| PB 0x0000000706e00000| Untracked |  0
|  28|0x0000000707000000, 0x0000000707000000, 0x0000000707200000|  0%| F|  |TAMS 0x0000000707000000| PB 0x0000000707000000| Untracked |  0
|  29|0x0000000707200000, 0x0000000707200000, 0x0000000707400000|  0%| F|  |TAMS 0x0000000707200000| PB 0x0000000707200000| Untracked |  0
|  30|0x0000000707400000, 0x0000000707400000, 0x0000000707600000|  0%| F|  |TAMS 0x0000000707400000| PB 0x0000000707400000| Untracked |  0
|  31|0x0000000707600000, 0x0000000707600000, 0x0000000707800000|  0%| F|  |TAMS 0x0000000707600000| PB 0x0000000707600000| Untracked |  0
|  32|0x0000000707800000, 0x0000000707800000, 0x0000000707a00000|  0%| F|  |TAMS 0x0000000707800000| PB 0x0000000707800000| Untracked |  0
|  33|0x0000000707a00000, 0x0000000707a00000, 0x0000000707c00000|  0%| F|  |TAMS 0x0000000707a00000| PB 0x0000000707a00000| Untracked |  0
|  34|0x0000000707c00000, 0x0000000707c00000, 0x0000000707e00000|  0%| F|  |TAMS 0x0000000707c00000| PB 0x0000000707c00000| Untracked |  0
|  35|0x0000000707e00000, 0x0000000707e00000, 0x0000000708000000|  0%| F|  |TAMS 0x0000000707e00000| PB 0x0000000707e00000| Untracked |  0
|  36|0x0000000708000000, 0x0000000708000000, 0x0000000708200000|  0%| F|  |TAMS 0x0000000708000000| PB 0x0000000708000000| Untracked |  0
|  37|0x0000000708200000, 0x0000000708200000, 0x0000000708400000|  0%| F|  |TAMS 0x0000000708200000| PB 0x0000000708200000| Untracked |  0
|  38|0x0000000708400000, 0x0000000708400000, 0x0000000708600000|  0%| F|  |TAMS 0x0000000708400000| PB 0x0000000708400000| Untracked |  0
|  39|0x0000000708600000, 0x0000000708600000, 0x0000000708800000|  0%| F|  |TAMS 0x0000000708600000| PB 0x0000000708600000| Untracked |  0
|  40|0x0000000708800000, 0x0000000708800000, 0x0000000708a00000|  0%| F|  |TAMS 0x0000000708800000| PB 0x0000000708800000| Untracked |  0
|  41|0x0000000708a00000, 0x0000000708a00000, 0x0000000708c00000|  0%| F|  |TAMS 0x0000000708a00000| PB 0x0000000708a00000| Untracked |  0
|  42|0x0000000708c00000, 0x0000000708c00000, 0x0000000708e00000|  0%| F|  |TAMS 0x0000000708c00000| PB 0x0000000708c00000| Untracked |  0
|  43|0x0000000708e00000, 0x0000000708e00000, 0x0000000709000000|  0%| F|  |TAMS 0x0000000708e00000| PB 0x0000000708e00000| Untracked |  0
|  44|0x0000000709000000, 0x0000000709000000, 0x0000000709200000|  0%| F|  |TAMS 0x0000000709000000| PB 0x0000000709000000| Untracked |  0
|  45|0x0000000709200000, 0x0000000709200000, 0x0000000709400000|  0%| F|  |TAMS 0x0000000709200000| PB 0x0000000709200000| Untracked |  0
|  46|0x0000000709400000, 0x0000000709400000, 0x0000000709600000|  0%| F|  |TAMS 0x0000000709400000| PB 0x0000000709400000| Untracked |  0
|  47|0x0000000709600000, 0x0000000709600000, 0x0000000709800000|  0%| F|  |TAMS 0x0000000709600000| PB 0x0000000709600000| Untracked |  0
|  48|0x0000000709800000, 0x0000000709800000, 0x0000000709a00000|  0%| F|  |TAMS 0x0000000709800000| PB 0x0000000709800000| Untracked |  0
|  49|0x0000000709a00000, 0x0000000709a00000, 0x0000000709c00000|  0%| F|  |TAMS 0x0000000709a00000| PB 0x0000000709a00000| Untracked |  0
|  50|0x0000000709c00000, 0x0000000709c00000, 0x0000000709e00000|  0%| F|  |TAMS 0x0000000709c00000| PB 0x0000000709c00000| Untracked |  0
|  51|0x0000000709e00000, 0x0000000709e00000, 0x000000070a000000|  0%| F|  |TAMS 0x0000000709e00000| PB 0x0000000709e00000| Untracked |  0
|  52|0x000000070a000000, 0x000000070a000000, 0x000000070a200000|  0%| F|  |TAMS 0x000000070a000000| PB 0x000000070a000000| Untracked |  0
|  53|0x000000070a200000, 0x000000070a200000, 0x000000070a400000|  0%| F|  |TAMS 0x000000070a200000| PB 0x000000070a200000| Untracked |  0
|  54|0x000000070a400000, 0x000000070a400000, 0x000000070a600000|  0%| F|  |TAMS 0x000000070a400000| PB 0x000000070a400000| Untracked |  0
|  55|0x000000070a600000, 0x000000070a600000, 0x000000070a800000|  0%| F|  |TAMS 0x000000070a600000| PB 0x000000070a600000| Untracked |  0
|  56|0x000000070a800000, 0x000000070a800000, 0x000000070aa00000|  0%| F|  |TAMS 0x000000070a800000| PB 0x000000070a800000| Untracked |  0
|  57|0x000000070aa00000, 0x000000070aa00000, 0x000000070ac00000|  0%| F|  |TAMS 0x000000070aa00000| PB 0x000000070aa00000| Untracked |  0
|  58|0x000000070ac00000, 0x000000070ac00000, 0x000000070ae00000|  0%| F|  |TAMS 0x000000070ac00000| PB 0x000000070ac00000| Untracked |  0
|  59|0x000000070ae00000, 0x000000070ae00000, 0x000000070b000000|  0%| F|  |TAMS 0x000000070ae00000| PB 0x000000070ae00000| Untracked |  0
|  60|0x000000070b000000, 0x000000070b000000, 0x000000070b200000|  0%| F|  |TAMS 0x000000070b000000| PB 0x000000070b000000| Untracked |  0
|  61|0x000000070b200000, 0x000000070b200000, 0x000000070b400000|  0%| F|  |TAMS 0x000000070b200000| PB 0x000000070b200000| Untracked |  0
|  62|0x000000070b400000, 0x000000070b400000, 0x000000070b600000|  0%| F|  |TAMS 0x000000070b400000| PB 0x000000070b400000| Untracked |  0
|  63|0x000000070b600000, 0x000000070b600000, 0x000000070b800000|  0%| F|  |TAMS 0x000000070b600000| PB 0x000000070b600000| Untracked |  0
|  64|0x000000070b800000, 0x000000070b800000, 0x000000070ba00000|  0%| F|  |TAMS 0x000000070b800000| PB 0x000000070b800000| Untracked |  0
|  65|0x000000070ba00000, 0x000000070ba00000, 0x000000070bc00000|  0%| F|  |TAMS 0x000000070ba00000| PB 0x000000070ba00000| Untracked |  0
|  66|0x000000070bc00000, 0x000000070bc00000, 0x000000070be00000|  0%| F|  |TAMS 0x000000070bc00000| PB 0x000000070bc00000| Untracked |  0
|  67|0x000000070be00000, 0x000000070be00000, 0x000000070c000000|  0%| F|  |TAMS 0x000000070be00000| PB 0x000000070be00000| Untracked |  0
|  68|0x000000070c000000, 0x000000070c000000, 0x000000070c200000|  0%| F|  |TAMS 0x000000070c000000| PB 0x000000070c000000| Untracked |  0
|  69|0x000000070c200000, 0x000000070c200000, 0x000000070c400000|  0%| F|  |TAMS 0x000000070c200000| PB 0x000000070c200000| Untracked |  0
|  70|0x000000070c400000, 0x000000070c400000, 0x000000070c600000|  0%| F|  |TAMS 0x000000070c400000| PB 0x000000070c400000| Untracked |  0
|  71|0x000000070c600000, 0x000000070c600000, 0x000000070c800000|  0%| F|  |TAMS 0x000000070c600000| PB 0x000000070c600000| Untracked |  0
|  72|0x000000070c800000, 0x000000070c800000, 0x000000070ca00000|  0%| F|  |TAMS 0x000000070c800000| PB 0x000000070c800000| Untracked |  0
|  73|0x000000070ca00000, 0x000000070ca00000, 0x000000070cc00000|  0%| F|  |TAMS 0x000000070ca00000| PB 0x000000070ca00000| Untracked |  0
|  74|0x000000070cc00000, 0x000000070cc00000, 0x000000070ce00000|  0%| F|  |TAMS 0x000000070cc00000| PB 0x000000070cc00000| Untracked |  0
|  75|0x000000070ce00000, 0x000000070ce00000, 0x000000070d000000|  0%| F|  |TAMS 0x000000070ce00000| PB 0x000000070ce00000| Untracked |  0
|  76|0x000000070d000000, 0x000000070d000000, 0x000000070d200000|  0%| F|  |TAMS 0x000000070d000000| PB 0x000000070d000000| Untracked |  0
|  77|0x000000070d200000, 0x000000070d200000, 0x000000070d400000|  0%| F|  |TAMS 0x000000070d200000| PB 0x000000070d200000| Untracked |  0
|  78|0x000000070d400000, 0x000000070d400000, 0x000000070d600000|  0%| F|  |TAMS 0x000000070d400000| PB 0x000000070d400000| Untracked |  0
|  79|0x000000070d600000, 0x000000070d600000, 0x000000070d800000|  0%| F|  |TAMS 0x000000070d600000| PB 0x000000070d600000| Untracked |  0
|  80|0x000000070d800000, 0x000000070d800000, 0x000000070da00000|  0%| F|  |TAMS 0x000000070d800000| PB 0x000000070d800000| Untracked |  0
|  81|0x000000070da00000, 0x000000070da00000, 0x000000070dc00000|  0%| F|  |TAMS 0x000000070da00000| PB 0x000000070da00000| Untracked |  0
|  82|0x000000070dc00000, 0x000000070dc00000, 0x000000070de00000|  0%| F|  |TAMS 0x000000070dc00000| PB 0x000000070dc00000| Untracked |  0
|  83|0x000000070de00000, 0x000000070de00000, 0x000000070e000000|  0%| F|  |TAMS 0x000000070de00000| PB 0x000000070de00000| Untracked |  0
|  84|0x000000070e000000, 0x000000070e000000, 0x000000070e200000|  0%| F|  |TAMS 0x000000070e000000| PB 0x000000070e000000| Untracked |  0
|  85|0x000000070e200000, 0x000000070e200000, 0x000000070e400000|  0%| F|  |TAMS 0x000000070e200000| PB 0x000000070e200000| Untracked |  0
|  86|0x000000070e400000, 0x000000070e400000, 0x000000070e600000|  0%| F|  |TAMS 0x000000070e400000| PB 0x000000070e400000| Untracked |  0
|  87|0x000000070e600000, 0x000000070e600000, 0x000000070e800000|  0%| F|  |TAMS 0x000000070e600000| PB 0x000000070e600000| Untracked |  0
|  88|0x000000070e800000, 0x000000070e800000, 0x000000070ea00000|  0%| F|  |TAMS 0x000000070e800000| PB 0x000000070e800000| Untracked |  0
|  89|0x000000070ea00000, 0x000000070ea00000, 0x000000070ec00000|  0%| F|  |TAMS 0x000000070ea00000| PB 0x000000070ea00000| Untracked |  0
|  90|0x000000070ec00000, 0x000000070ec00000, 0x000000070ee00000|  0%| F|  |TAMS 0x000000070ec00000| PB 0x000000070ec00000| Untracked |  0
|  91|0x000000070ee00000, 0x000000070ee00000, 0x000000070f000000|  0%| F|  |TAMS 0x000000070ee00000| PB 0x000000070ee00000| Untracked |  0
|  92|0x000000070f000000, 0x000000070f000000, 0x000000070f200000|  0%| F|  |TAMS 0x000000070f000000| PB 0x000000070f000000| Untracked |  0
|  93|0x000000070f200000, 0x000000070f200000, 0x000000070f400000|  0%| F|  |TAMS 0x000000070f200000| PB 0x000000070f200000| Untracked |  0
|  94|0x000000070f400000, 0x000000070f400000, 0x000000070f600000|  0%| F|  |TAMS 0x000000070f400000| PB 0x000000070f400000| Untracked |  0
|  95|0x000000070f600000, 0x000000070f600000, 0x000000070f800000|  0%| F|  |TAMS 0x000000070f600000| PB 0x000000070f600000| Untracked |  0
|  96|0x000000070f800000, 0x000000070f800000, 0x000000070fa00000|  0%| F|  |TAMS 0x000000070f800000| PB 0x000000070f800000| Untracked |  0
|  97|0x000000070fa00000, 0x000000070fa00000, 0x000000070fc00000|  0%| F|  |TAMS 0x000000070fa00000| PB 0x000000070fa00000| Untracked |  0
|  98|0x000000070fc00000, 0x000000070fc00000, 0x000000070fe00000|  0%| F|  |TAMS 0x000000070fc00000| PB 0x000000070fc00000| Untracked |  0
|  99|0x000000070fe00000, 0x000000070fe00000, 0x0000000710000000|  0%| F|  |TAMS 0x000000070fe00000| PB 0x000000070fe00000| Untracked |  0
| 100|0x0000000710000000, 0x0000000710000000, 0x0000000710200000|  0%| F|  |TAMS 0x0000000710000000| PB 0x0000000710000000| Untracked |  0
| 101|0x0000000710200000, 0x0000000710200000, 0x0000000710400000|  0%| F|  |TAMS 0x0000000710200000| PB 0x0000000710200000| Untracked |  0
| 102|0x0000000710400000, 0x0000000710400000, 0x0000000710600000|  0%| F|  |TAMS 0x0000000710400000| PB 0x0000000710400000| Untracked |  0
| 103|0x0000000710600000, 0x0000000710600000, 0x0000000710800000|  0%| F|  |TAMS 0x0000000710600000| PB 0x0000000710600000| Untracked |  0
| 104|0x0000000710800000, 0x0000000710800000, 0x0000000710a00000|  0%| F|  |TAMS 0x0000000710800000| PB 0x0000000710800000| Untracked |  0
| 105|0x0000000710a00000, 0x0000000710a00000, 0x0000000710c00000|  0%| F|  |TAMS 0x0000000710a00000| PB 0x0000000710a00000| Untracked |  0
| 106|0x0000000710c00000, 0x0000000710c00000, 0x0000000710e00000|  0%| F|  |TAMS 0x0000000710c00000| PB 0x0000000710c00000| Untracked |  0
| 107|0x0000000710e00000, 0x0000000710e00000, 0x0000000711000000|  0%| F|  |TAMS 0x0000000710e00000| PB 0x0000000710e00000| Untracked |  0
| 108|0x0000000711000000, 0x0000000711000000, 0x0000000711200000|  0%| F|  |TAMS 0x0000000711000000| PB 0x0000000711000000| Untracked |  0
| 109|0x0000000711200000, 0x0000000711200000, 0x0000000711400000|  0%| F|  |TAMS 0x0000000711200000| PB 0x0000000711200000| Untracked |  0
| 110|0x0000000711400000, 0x0000000711400000, 0x0000000711600000|  0%| F|  |TAMS 0x0000000711400000| PB 0x0000000711400000| Untracked |  0
| 111|0x0000000711600000, 0x0000000711600000, 0x0000000711800000|  0%| F|  |TAMS 0x0000000711600000| PB 0x0000000711600000| Untracked |  0
| 112|0x0000000711800000, 0x0000000711800000, 0x0000000711a00000|  0%| F|  |TAMS 0x0000000711800000| PB 0x0000000711800000| Untracked |  0
| 113|0x0000000711a00000, 0x0000000711b0fc80, 0x0000000711c00000| 53%| E|  |TAMS 0x0000000711a00000| PB 0x0000000711a00000| Complete |  0
| 114|0x0000000711c00000, 0x0000000711e00000, 0x0000000711e00000|100%| E|  |TAMS 0x0000000711c00000| PB 0x0000000711c00000| Complete |  0
| 115|0x0000000711e00000, 0x0000000712000000, 0x0000000712000000|100%| E|CS|TAMS 0x0000000711e00000| PB 0x0000000711e00000| Complete |  0
| 116|0x0000000712000000, 0x0000000712200000, 0x0000000712200000|100%| E|CS|TAMS 0x0000000712000000| PB 0x0000000712000000| Complete |  0
| 117|0x0000000712200000, 0x0000000712400000, 0x0000000712400000|100%| E|CS|TAMS 0x0000000712200000| PB 0x0000000712200000| Complete |  0
| 118|0x0000000712400000, 0x0000000712600000, 0x0000000712600000|100%| E|CS|TAMS 0x0000000712400000| PB 0x0000000712400000| Complete |  0
| 119|0x0000000712600000, 0x0000000712800000, 0x0000000712800000|100%| E|CS|TAMS 0x0000000712600000| PB 0x0000000712600000| Complete |  0
| 120|0x0000000712800000, 0x0000000712a00000, 0x0000000712a00000|100%| E|CS|TAMS 0x0000000712800000| PB 0x0000000712800000| Complete |  0
| 121|0x0000000712a00000, 0x0000000712c00000, 0x0000000712c00000|100%| E|CS|TAMS 0x0000000712a00000| PB 0x0000000712a00000| Complete |  0
| 122|0x0000000712c00000, 0x0000000712e00000, 0x0000000712e00000|100%| E|CS|TAMS 0x0000000712c00000| PB 0x0000000712c00000| Complete |  0
| 123|0x0000000712e00000, 0x0000000713000000, 0x0000000713000000|100%| E|CS|TAMS 0x0000000712e00000| PB 0x0000000712e00000| Complete |  0
| 124|0x0000000713000000, 0x0000000713200000, 0x0000000713200000|100%| E|CS|TAMS 0x0000000713000000| PB 0x0000000713000000| Complete |  0
| 125|0x0000000713200000, 0x0000000713400000, 0x0000000713400000|100%| E|CS|TAMS 0x0000000713200000| PB 0x0000000713200000| Complete |  0
| 126|0x0000000713400000, 0x0000000713600000, 0x0000000713600000|100%| E|CS|TAMS 0x0000000713400000| PB 0x0000000713400000| Complete |  0
|2019|0x00000007ffe00000, 0x00000007fff1d1c0, 0x0000000800000000| 55%| O|  |TAMS 0x00000007ffe00000| PB 0x00000007ffe00000| Untracked |  0

Card table byte_map: [0x000002a8aad10000,0x000002a8ab500000] _byte_map_base: 0x000002a8a74f4000

Marking Bits: (CMBitMap*) 0x000002a8917e8740
 Bits: [0x000002a8ab500000, 0x000002a8af420000)

Polling page: 0x000002a88f980000

Metaspace:

Usage:
  Non-class:      4.94 MB used.
      Class:    449.77 KB used.
       Both:      5.38 MB used.

Virtual space:
  Non-class space:       64.00 MB reserved,       5.06 MB (  8%) committed,  1 nodes.
      Class space:        1.00 GB reserved,     512.00 KB ( <1%) committed,  1 nodes.
             Both:        1.06 GB reserved,       5.56 MB ( <1%) committed. 

Chunk freelists:
   Non-Class:  10.93 MB
       Class:  15.52 MB
        Both:  26.45 MB

MaxMetaspaceSize: unlimited
CompressedClassSpaceSize: 1.00 GB
Initial GC threshold: 21.00 MB
Current GC threshold: 21.00 MB
CDS: on
 - commit_granule_bytes: 65536.
 - commit_granule_words: 8192.
 - virtual_space_node_default_size: 8388608.
 - enlarge_chunks_in_place: 1.
UseCompressedClassPointers 1, UseCompactObjectHeaders 0
Narrow klass pointer bits 32, Max shift 3
Narrow klass base: 0x000002a8b2000000, Narrow klass shift: 0
Encoding Range: [0x000002a8b2000000 - 0x000002a9b2000000), (4294967296 bytes)
Klass Range:    [0x000002a8b2000000 - 0x000002a8f3000000), (1090519040 bytes)
Klass ID Range:  [8 - 1090519033) (1090519025)


Internal statistics:

num_allocs_failed_limit: 0.
num_arena_births: 68.
num_arena_deaths: 0.
num_vsnodes_births: 2.
num_vsnodes_deaths: 0.
num_space_committed: 89.
num_space_uncommitted: 0.
num_chunks_returned_to_freelist: 0.
num_chunks_taken_from_freelist: 75.
num_chunk_merges: 0.
num_chunk_splits: 52.
num_chunks_enlarged: 33.
num_inconsistent_stats: 0.

CodeHeap 'non-profiled nmethods': size=120064Kb used=468Kb max_used=468Kb free=119595Kb
 bounds [0x000002a8a2760000, 0x000002a8a29d0000, 0x000002a8a9ca0000]
CodeHeap 'profiled nmethods': size=120000Kb used=1840Kb max_used=1840Kb free=118159Kb
 bounds [0x000002a89aca0000, 0x000002a89af10000, 0x000002a8a21d0000]
CodeHeap 'non-nmethods': size=5696Kb used=1294Kb max_used=1336Kb free=4401Kb
 bounds [0x000002a8a21d0000, 0x000002a8a2440000, 0x000002a8a2760000]
CodeCache: size=245760Kb, used=3602Kb, max_used=3644Kb, free=242155Kb
 total_blobs=1831, nmethods=1367, adapters=370, full_count=0
Compilation: enabled, stopped_count=0, restarted_count=0

Compilation events (20 events):
Event: 0.670 Thread 0x000002a8f312eb50 nmethod 1362 0x000002a8a27ce008 code [0x000002a8a27ce100, 0x000002a8a27ce1c8]
Event: 0.670 Thread 0x000002a8f93590c0 1332       4       jdk.jfr.internal.MetadataWriter::writeInt (148 bytes)
Event: 0.670 Thread 0x000002a8f312eb50 1363       3       java.util.HashSet::size (8 bytes)
Event: 0.670 Thread 0x000002a8f312eb50 nmethod 1363 0x000002a89ae69688 code [0x000002a89ae697a0, 0x000002a89ae69950]
Event: 0.670 Thread 0x000002a8f312eb50 1364       3       java.lang.StringLatin1::getChar (9 bytes)
Event: 0.670 Thread 0x000002a8f312eb50 nmethod 1364 0x000002a89ae69988 code [0x000002a89ae69aa0, 0x000002a89ae69bc0]
Event: 0.670 Thread 0x000002a8f312eb50 1365   !   3       jdk.jfr.internal.Control::setValue (102 bytes)
Event: 0.671 Thread 0x000002a8f312eb50 nmethod 1365 0x000002a89ae69c88 code [0x000002a89ae69f20, 0x000002a89ae6b3a0]
Event: 0.674 Thread 0x000002a8f312eb50 1366       1       jdk.jfr.internal.periodic.EventTask::getEventType (5 bytes)
Event: 0.674 Thread 0x000002a8f312eb50 nmethod 1366 0x000002a8a27ce308 code [0x000002a8a27ce400, 0x000002a8a27ce4c8]
Event: 0.674 Thread 0x000002a8f312eb50 1368       3       java.util.Comparator$$Lambda/0x000002a8b3037170::compare (10 bytes)
Event: 0.674 Thread 0x000002a8f312eb50 nmethod 1368 0x000002a89ae6b488 code [0x000002a89ae6b5e0, 0x000002a89ae6ba70]
Event: 0.674 Thread 0x000002a8f312eb50 1369       3       java.util.Comparator::lambda$comparingLong$6043328a$1 (18 bytes)
Event: 0.675 Thread 0x000002a8f312eb50 nmethod 1369 0x000002a89ae6bb08 code [0x000002a89ae6bc60, 0x000002a89ae6c058]
Event: 0.675 Thread 0x000002a8f312eb50 1367       1       jdk.jfr.internal.periodic.PeriodicTask::getPeriod (5 bytes)
Event: 0.675 Thread 0x000002a8f312eb50 nmethod 1367 0x000002a8a27ce608 code [0x000002a8a27ce700, 0x000002a8a27ce7c8]
Event: 0.679 Thread 0x000002a8f93590c0 nmethod 1332 0x000002a8a27ce908 code [0x000002a8a27ceb00, 0x000002a8a27d0618]
Event: 0.680 Thread 0x000002a8f93590c0 1336       4       java.util.LinkedHashMap::get (29 bytes)
Event: 0.686 Thread 0x000002a8f93590c0 nmethod 1336 0x000002a8a27d0688 code [0x000002a8a27d07e0, 0x000002a8a27d0ce0]
Event: 0.700 Thread 0x000002a8f312dfd0 nmethod 1334 0x000002a8a27d0d88 code [0x000002a8a27d10a0, 0x000002a8a27d52a8]

GC Heap History (0 events):
No events

Dll operation events (9 events):
Event: 0.019 Loaded shared library C:\Program Files\Java\jdk-24\bin\java.dll
Event: 0.020 Loaded shared library C:\Program Files\Java\jdk-24\bin\zip.dll
Event: 0.054 Loaded shared library C:\Program Files\Java\jdk-24\bin\jsvml.dll
Event: 0.143 Loaded shared library C:\Program Files\Java\jdk-24\bin\instrument.dll
Event: 0.147 Loaded shared library C:\Program Files\Java\jdk-24\bin\net.dll
Event: 0.148 Loaded shared library C:\Program Files\Java\jdk-24\bin\nio.dll
Event: 0.154 Loaded shared library C:\Program Files\Java\jdk-24\bin\zip.dll
Event: 0.180 Loaded shared library C:\Program Files\Java\jdk-24\bin\extnet.dll
Event: 0.301 Loaded shared library C:\Program Files\Java\jdk-24\bin\jimage.dll

Deoptimization events (20 events):
Event: 0.623 Thread 0x000002a88faae180 Uncommon trap: trap_request=0xffffffd6 fr.pc=0x000002a8a27bf3d4 relative=0x00000000000006f4
Event: 0.623 Thread 0x000002a88faae180 Uncommon trap: reason=array_check action=maybe_recompile pc=0x000002a8a27bf3d4 method=jdk.internal.classfile.impl.SplitConstantPool.internalAdd(Ljava/lang/classfile/constantpool/PoolEntry;I)Ljava/lang/classfile/constantpool/PoolEntry; @ 46 c2
Event: 0.623 Thread 0x000002a88faae180 DEOPT PACKING pc=0x000002a8a27bf3d4 sp=0x000000c64cefd020
Event: 0.623 Thread 0x000002a88faae180 DEOPT UNPACKING pc=0x000002a8a22e6002 sp=0x000000c64cefcfd0 mode 2
Event: 0.623 Thread 0x000002a88faae180 Uncommon trap: trap_request=0xffffffd6 fr.pc=0x000002a8a27bf3d4 relative=0x00000000000006f4
Event: 0.623 Thread 0x000002a88faae180 Uncommon trap: reason=array_check action=maybe_recompile pc=0x000002a8a27bf3d4 method=jdk.internal.classfile.impl.SplitConstantPool.internalAdd(Ljava/lang/classfile/constantpool/PoolEntry;I)Ljava/lang/classfile/constantpool/PoolEntry; @ 46 c2
Event: 0.623 Thread 0x000002a88faae180 DEOPT PACKING pc=0x000002a8a27bf3d4 sp=0x000000c64cefd020
Event: 0.623 Thread 0x000002a88faae180 DEOPT UNPACKING pc=0x000002a8a22e6002 sp=0x000000c64cefcfd0 mode 2
Event: 0.623 Thread 0x000002a88faae180 Uncommon trap: trap_request=0xffffffd6 fr.pc=0x000002a8a27bf3d4 relative=0x00000000000006f4
Event: 0.623 Thread 0x000002a88faae180 Uncommon trap: reason=array_check action=maybe_recompile pc=0x000002a8a27bf3d4 method=jdk.internal.classfile.impl.SplitConstantPool.internalAdd(Ljava/lang/classfile/constantpool/PoolEntry;I)Ljava/lang/classfile/constantpool/PoolEntry; @ 46 c2
Event: 0.623 Thread 0x000002a88faae180 DEOPT PACKING pc=0x000002a8a27bf3d4 sp=0x000000c64cefce90
Event: 0.623 Thread 0x000002a88faae180 DEOPT UNPACKING pc=0x000002a8a22e6002 sp=0x000000c64cefce40 mode 2
Event: 0.623 Thread 0x000002a88faae180 Uncommon trap: trap_request=0xffffffd6 fr.pc=0x000002a8a27bf3d4 relative=0x00000000000006f4
Event: 0.623 Thread 0x000002a88faae180 Uncommon trap: reason=array_check action=maybe_recompile pc=0x000002a8a27bf3d4 method=jdk.internal.classfile.impl.SplitConstantPool.internalAdd(Ljava/lang/classfile/constantpool/PoolEntry;I)Ljava/lang/classfile/constantpool/PoolEntry; @ 46 c2
Event: 0.623 Thread 0x000002a88faae180 DEOPT PACKING pc=0x000002a8a27bf3d4 sp=0x000000c64cefce70
Event: 0.623 Thread 0x000002a88faae180 DEOPT UNPACKING pc=0x000002a8a22e6002 sp=0x000000c64cefce20 mode 2
Event: 0.632 Thread 0x000002a88faae180 Uncommon trap: trap_request=0xffffff4d fr.pc=0x000002a8a27b9d14 relative=0x00000000000000f4
Event: 0.632 Thread 0x000002a88faae180 Uncommon trap: reason=unstable_if action=reinterpret pc=0x000002a8a27b9d14 method=java.lang.Long.valueOf(J)Ljava/lang/Long; @ 17 c2
Event: 0.632 Thread 0x000002a88faae180 DEOPT PACKING pc=0x000002a8a27b9d14 sp=0x000000c64cefdd50
Event: 0.632 Thread 0x000002a88faae180 DEOPT UNPACKING pc=0x000002a8a22e6002 sp=0x000000c64cefdce8 mode 2

Classes loaded (20 events):
Event: 0.631 Loading class jdk/jfr/internal/MetadataWriter
Event: 0.632 Loading class jdk/jfr/internal/MetadataWriter done
Event: 0.632 Loading class jdk/jfr/internal/MetadataDescriptor$Element
Event: 0.632 Loading class jdk/jfr/internal/MetadataDescriptor$Element done
Event: 0.632 Loading class jdk/jfr/internal/MetadataDescriptor$Attribute
Event: 0.632 Loading class jdk/jfr/internal/MetadataDescriptor$Attribute done
Event: 0.645 Loading class jdk/jfr/internal/consumer/StringParser$Encoding
Event: 0.646 Loading class jdk/jfr/internal/consumer/StringParser$Encoding done
Event: 0.662 Loading class jdk/jfr/internal/consumer/RepositoryFiles
Event: 0.663 Loading class jdk/jfr/internal/consumer/RepositoryFiles done
Event: 0.665 Loading class jdk/jfr/internal/SettingsManager$InternalSetting
Event: 0.665 Loading class jdk/jfr/internal/SettingsManager$InternalSetting done
Event: 0.668 Loading class jdk/jfr/internal/util/Rate
Event: 0.668 Loading class jdk/jfr/internal/util/Rate done
Event: 0.668 Loading class jdk/jfr/internal/util/TimespanUnit
Event: 0.668 Loading class jdk/jfr/internal/util/TimespanUnit done
Event: 0.668 Loading class jdk/jfr/internal/util/ValueParser
Event: 0.668 Loading class jdk/jfr/internal/util/ValueParser done
Event: 0.670 Loading class jdk/jfr/internal/periodic/PeriodicType
Event: 0.671 Loading class jdk/jfr/internal/periodic/PeriodicType done

Classes unloaded (0 events):
No events

Classes redefined (1 events):
Event: 0.195 Thread 0x000002a8918f4e00 redefined class name=java.lang.Throwable, count=1

Internal exceptions (20 events):
Event: 0.158 Thread 0x000002a88faae180 Exception <a 'java/lang/NoSuchMethodError'{0x000000071326e5a8}: 'void java.lang.invoke.DirectMethodHandle$Holder.invokeStatic(java.lang.Object, java.lang.Object, java.lang.Object)'> (0x000000071326e5a8) 
thrown [s\open\src\hotspot\share\interpreter\linkResolver.cpp, line 805]
Event: 0.165 Thread 0x000002a88faae180 Exception <a 'java/lang/NoSuchMethodError'{0x00000007132a3168}: 'java.lang.Object java.lang.invoke.Invokers$Holder.invokeExact_MT(java.lang.Object, java.lang.Object, java.lang.Object, java.lang.Object, java.lang.Object)'> (0x00000007132a3168) 
thrown [s\open\src\hotspot\share\interpreter\linkResolver.cpp, line 805]
Event: 0.178 Thread 0x000002a8919170f0 Exception <a 'java/lang/NoSuchMethodError'{0x0000000713014008}: 'java.lang.Object java.lang.invoke.DirectMethodHandle$Holder.invokeStaticInit(java.lang.Object)'> (0x0000000713014008) 
thrown [s\open\src\hotspot\share\interpreter\linkResolver.cpp, line 805]
Event: 0.182 Thread 0x000002a8919170f0 Exception <a 'java/lang/NoSuchMethodError'{0x00000007130208d0}: 'void java.lang.invoke.DirectMethodHandle$Holder.invokeStatic(java.lang.Object, java.lang.Object)'> (0x00000007130208d0) 
thrown [s\open\src\hotspot\share\interpreter\linkResolver.cpp, line 805]
Event: 0.208 Thread 0x000002a88faae180 Exception <a 'java/lang/NoSuchMethodError'{0x000000071314dc28}: 'java.lang.Object java.lang.invoke.DirectMethodHandle$Holder.invokeStaticInit(java.lang.Object, java.lang.Object, java.lang.Object)'> (0x000000071314dc28) 
thrown [s\open\src\hotspot\share\interpreter\linkResolver.cpp, line 805]
Event: 0.401 Thread 0x000002a88faae180 Implicit null exception at 0x000002a8a278b080 to 0x000002a8a278bc30
Event: 0.401 Thread 0x000002a88faae180 Implicit null exception at 0x000002a8a2787fa0 to 0x000002a8a2788022
Event: 0.413 Thread 0x000002a88faae180 Exception <a 'java/lang/NoSuchMethodError'{0x0000000712642b08}: 'void java.lang.invoke.DirectMethodHandle$Holder.invokeStaticInit(java.lang.Object)'> (0x0000000712642b08) 
thrown [s\open\src\hotspot\share\interpreter\linkResolver.cpp, line 805]
Event: 0.428 Thread 0x000002a88faae180 Exception <a 'java/lang/NoSuchMethodError'{0x00000007126f4810}: 'void java.lang.invoke.DirectMethodHandle$Holder.invokeSpecial(java.lang.Object, java.lang.Object, java.lang.Object)'> (0x00000007126f4810) 
thrown [s\open\src\hotspot\share\interpreter\linkResolver.cpp, line 805]
Event: 0.441 Thread 0x000002a88faae180 Exception <a 'java/lang/NoSuchMethodError'{0x0000000712770328}: 'java.lang.Object java.lang.invoke.DirectMethodHandle$Holder.newInvokeSpecial(java.lang.Object, java.lang.Object, java.lang.Object, java.lang.Object, java.lang.Object)'> (0x0000000712770328) 
thrown [s\open\src\hotspot\share\interpreter\linkResolver.cpp, line 805]
Event: 0.495 Thread 0x000002a88faae180 Exception <a 'java/lang/NoSuchMethodError'{0x00000007125262c0}: 'long java.lang.invoke.DirectMethodHandle$Holder.invokeVirtual(java.lang.Object, java.lang.Object)'> (0x00000007125262c0) 
thrown [s\open\src\hotspot\share\interpreter\linkResolver.cpp, line 805]
Event: 0.549 Thread 0x000002a88faae180 Exception <a 'java/lang/NoSuchMethodError'{0x000000071239b718}: 'int java.lang.invoke.DirectMethodHandle$Holder.invokeSpecial(java.lang.Object, java.lang.Object, java.lang.Object)'> (0x000000071239b718) 
thrown [s\open\src\hotspot\share\interpreter\linkResolver.cpp, line 805]
Event: 0.609 Thread 0x000002a88faae180 Exception <a 'java/lang/NoSuchMethodError'{0x00000007121710e0}: 'void java.lang.invoke.DirectMethodHandle$Holder.invokeSpecial(java.lang.Object, java.lang.Object, int)'> (0x00000007121710e0) 
thrown [s\open\src\hotspot\share\interpreter\linkResolver.cpp, line 805]
Event: 0.609 Thread 0x000002a88faae180 Exception <a 'java/lang/NoSuchMethodError'{0x0000000712178d20}: 'void java.lang.invoke.Invokers$Holder.invokeExact_MT(java.lang.Object, int, java.lang.Object)'> (0x0000000712178d20) 
thrown [s\open\src\hotspot\share\interpreter\linkResolver.cpp, line 805]
Event: 0.612 Thread 0x000002a88faae180 Exception <a 'java/lang/NoSuchMethodError'{0x0000000712194d60}: 'void java.lang.invoke.DirectMethodHandle$Holder.invokeStatic(java.lang.Object, java.lang.Object, int)'> (0x0000000712194d60) 
thrown [s\open\src\hotspot\share\interpreter\linkResolver.cpp, line 805]
Event: 0.613 Thread 0x000002a88faae180 Exception <a 'java/lang/NoSuchMethodError'{0x00000007121a4540}: 'java.lang.Object java.lang.invoke.DirectMethodHandle$Holder.newInvokeSpecial(java.lang.Object, java.lang.Object, int)'> (0x00000007121a4540) 
thrown [s\open\src\hotspot\share\interpreter\linkResolver.cpp, line 805]
Event: 0.615 Thread 0x000002a8f939e570 Exception <a 'java/lang/NoSuchMethodError'{0x00000007121f0be0}: 'long java.lang.invoke.DirectMethodHandle$Holder.invokeSpecial(java.lang.Object, java.lang.Object)'> (0x00000007121f0be0) 
thrown [s\open\src\hotspot\share\interpreter\linkResolver.cpp, line 805]
Event: 0.620 Thread 0x000002a88faae180 Exception <a 'sun/nio/fs/WindowsException'{0x00000007121e6230}> (0x00000007121e6230) 
thrown [s\open\src\hotspot\share\prims\jni.cpp, line 518]
Event: 0.623 Thread 0x000002a88faae180 Exception <a 'sun/nio/fs/WindowsException'{0x0000000711efbaa8}> (0x0000000711efbaa8) 
thrown [s\open\src\hotspot\share\prims\jni.cpp, line 518]
Event: 0.627 Thread 0x000002a88faae180 Exception <a 'sun/nio/fs/WindowsException'{0x0000000711f0e360}> (0x0000000711f0e360) 
thrown [s\open\src\hotspot\share\prims\jni.cpp, line 518]

VM Operations (8 events):
Event: 0.125 Executing VM operation: HandshakeAllThreads (Deoptimize)
Event: 0.125 Executing VM operation: HandshakeAllThreads (Deoptimize) done
Event: 0.195 Executing VM operation: RedefineClasses
Event: 0.197 Executing VM operation: RedefineClasses done
Event: 0.615 Executing VM operation: HandshakeAllThreads (Deoptimize)
Event: 0.616 Executing VM operation: HandshakeAllThreads (Deoptimize) done
Event: 0.663 Executing VM operation: JFRSafepointClear
Event: 0.663 Executing VM operation: JFRSafepointClear done

Memory protections (0 events):
No events

Nmethod flushes (0 events):
No events

Events (15 events):
Event: 0.039 Thread 0x000002a88faae180 Thread added: 0x000002a88faae180
Event: 0.051 Thread 0x000002a88faae180 Thread added: 0x000002a891905f80
Event: 0.051 Thread 0x000002a88faae180 Thread added: 0x000002a89190fb10
Event: 0.051 Thread 0x000002a88faae180 Thread added: 0x000002a8919150d0
Event: 0.052 Thread 0x000002a88faae180 Thread added: 0x000002a891915e20
Event: 0.052 Thread 0x000002a88faae180 Thread added: 0x000002a8919169a0
Event: 0.052 Thread 0x000002a88faae180 Thread added: 0x000002a891919580
Event: 0.052 Thread 0x000002a88faae180 Thread added: 0x000002a8f312dfd0
Event: 0.052 Thread 0x000002a88faae180 Thread added: 0x000002a8f312eb50
Event: 0.145 Thread 0x000002a88faae180 Thread added: 0x000002a891919cd0
Event: 0.168 Thread 0x000002a88faae180 Thread added: 0x000002a8919170f0
Event: 0.345 Thread 0x000002a8f312dfd0 Thread added: 0x000002a8f816f790
Event: 0.410 Thread 0x000002a88faae180 Thread added: 0x000002a891917840
Event: 0.511 Thread 0x000002a8f312eb50 Thread added: 0x000002a8f93590c0
Event: 0.614 Thread 0x000002a88faae180 Thread added: 0x000002a8f939e570


Dynamic libraries:
0x00007ff6ddb60000 - 0x00007ff6ddb70000 	C:\Program Files\Java\jdk-24\bin\java.exe
0x00007ff80aa50000 - 0x00007ff80ac48000 	C:\Windows\SYSTEM32\ntdll.dll
0x00007ff809cc0000 - 0x00007ff809d82000 	C:\Windows\System32\KERNEL32.DLL
0x00007ff808590000 - 0x00007ff808886000 	C:\Windows\System32\KERNELBASE.dll
0x00007ff8080e0000 - 0x00007ff8081e0000 	C:\Windows\System32\ucrtbase.dll
0x00007ffffd4c0000 - 0x00007ffffd4d6000 	C:\Program Files\Java\jdk-24\bin\jli.dll
0x00007ffffd4a0000 - 0x00007ffffd4bb000 	C:\Program Files\Java\jdk-24\bin\VCRUNTIME140.dll
0x00007ff809530000 - 0x00007ff8096cd000 	C:\Windows\System32\USER32.dll
0x00007ffff3060000 - 0x00007ffff32fa000 	C:\Windows\WinSxS\amd64_microsoft.windows.common-controls_6595b64144ccf1df_6.0.19041.4355_none_60b8b9eb71f62e16\COMCTL32.dll
0x00007ff808300000 - 0x00007ff808322000 	C:\Windows\System32\win32u.dll
0x00007ff8090f0000 - 0x00007ff80918e000 	C:\Windows\System32\msvcrt.dll
0x00007ff808cb0000 - 0x00007ff808cdb000 	C:\Windows\System32\GDI32.dll
0x00007ff8081e0000 - 0x00007ff8082fa000 	C:\Windows\System32\gdi32full.dll
0x00007ff808460000 - 0x00007ff8084fd000 	C:\Windows\System32\msvcp_win.dll
0x00007ff809810000 - 0x00007ff80983f000 	C:\Windows\System32\IMM32.DLL
0x00007ffffd490000 - 0x00007ffffd49c000 	C:\Program Files\Java\jdk-24\bin\vcruntime140_1.dll
0x00007ffff1bd0000 - 0x00007ffff1c5e000 	C:\Program Files\Java\jdk-24\bin\msvcp140.dll
0x00007fff883c0000 - 0x00007fff89162000 	C:\Program Files\Java\jdk-24\bin\server\jvm.dll
0x00007ff809480000 - 0x00007ff80952f000 	C:\Windows\System32\ADVAPI32.dll
0x00007ff808a70000 - 0x00007ff808b0f000 	C:\Windows\System32\sechost.dll
0x00007ff80a760000 - 0x00007ff80a883000 	C:\Windows\System32\RPCRT4.dll
0x00007ff808a40000 - 0x00007ff808a67000 	C:\Windows\System32\bcrypt.dll
0x00007ff8096d0000 - 0x00007ff80973b000 	C:\Windows\System32\WS2_32.dll
0x00007ff807e90000 - 0x00007ff807edb000 	C:\Windows\SYSTEM32\POWRPROF.dll
0x00007fffef930000 - 0x00007fffef957000 	C:\Windows\SYSTEM32\WINMM.dll
0x00007ffffbc00000 - 0x00007ffffbc0a000 	C:\Windows\SYSTEM32\VERSION.dll
0x00007ff807e70000 - 0x00007ff807e82000 	C:\Windows\SYSTEM32\UMPDC.dll
0x00007ff806930000 - 0x00007ff806942000 	C:\Windows\SYSTEM32\kernel.appcore.dll
0x00007ffffd480000 - 0x00007ffffd48a000 	C:\Program Files\Java\jdk-24\bin\jimage.dll
0x00007ff806450000 - 0x00007ff806634000 	C:\Windows\SYSTEM32\DBGHELP.DLL
0x00007fffefad0000 - 0x00007fffefb04000 	C:\Windows\SYSTEM32\dbgcore.DLL
0x00007ff808500000 - 0x00007ff808582000 	C:\Windows\System32\bcryptPrimitives.dll
0x00007fffea0c0000 - 0x00007fffea0cf000 	C:\Program Files\Java\jdk-24\bin\instrument.dll
0x00007ffffd460000 - 0x00007ffffd47e000 	C:\Program Files\Java\jdk-24\bin\java.dll
0x00007ff809eb0000 - 0x00007ff809fdb000 	C:\Windows\System32\ole32.dll
0x00007ff808d90000 - 0x00007ff8090e5000 	C:\Windows\System32\combase.dll
0x00007ff809ff0000 - 0x00007ff80a75f000 	C:\Windows\System32\SHELL32.dll
0x00007fffb3fb0000 - 0x00007fffb41be000 	C:\Users\Merab\AppData\Local\Temp\idea_libasyncProfiler_dll_temp_folder3\libasyncProfiler.dll
0x00007ffff1bb0000 - 0x00007ffff1bc7000 	C:\Program Files\Java\jdk-24\bin\zip.dll
0x00007ff805bd0000 - 0x00007ff806373000 	C:\Windows\SYSTEM32\windows.storage.dll
0x00007ff807aa0000 - 0x00007ff807acb000 	C:\Windows\SYSTEM32\Wldp.dll
0x00007ff809740000 - 0x00007ff80980d000 	C:\Windows\System32\OLEAUT32.dll
0x00007ff808ce0000 - 0x00007ff808d8d000 	C:\Windows\System32\SHCORE.dll
0x00007ff809410000 - 0x00007ff809465000 	C:\Windows\System32\shlwapi.dll
0x00007ff808010000 - 0x00007ff808035000 	C:\Windows\SYSTEM32\profapi.dll
0x00007fffb43c0000 - 0x00007fffb4497000 	C:\Program Files\Java\jdk-24\bin\jsvml.dll
0x00007ffffd450000 - 0x00007ffffd460000 	C:\Program Files\Java\jdk-24\bin\net.dll
0x00007ff8077a0000 - 0x00007ff80780c000 	C:\Windows\system32\mswsock.dll
0x00007ffffd190000 - 0x00007ffffd1a6000 	C:\Program Files\Java\jdk-24\bin\nio.dll
0x00007ffff1a00000 - 0x00007ffff1a09000 	C:\Program Files\Java\jdk-24\bin\extnet.dll

JVMTI agents:
D:\IntelliJ IDEA 2024.3.5\lib\idea_rt.jar path:C:\Program Files\Java\jdk-24\bin\instrument.dll, loaded, initialized, instrumentlib options:62920
C:\Users\Merab\AppData\Local\JetBrains\IntelliJIdea2024.3\captureAgent\debugger-agent.jar path:C:\Program Files\Java\jdk-24\bin\instrument.dll, loaded, initialized, instrumentlib options:none
C:\Users\Merab\AppData\Local\Temp\idea_libasyncProfiler_dll_temp_folder3\libasyncProfiler.dll path:C:\Users\Merab\AppData\Local\Temp\idea_libasyncProfiler_dll_temp_folder3\libasyncProfiler.dll, loaded, initialized, options:start,jfr,event=wall,interval=10ms,jfrsync=profile,cstack=no,file=C:\Users\Merab\IdeaSnapshots\java_in_task1_2025_06_15_183505.jfr,dbghelppath=C:\Users\Merab\AppData\Local\Temp\idea_dbghelp_dll_temp_folder\dbghelp.dll,log=C:\Users\Merab\AppData\Local\Temp\java_in_task1_2025_06_15_183505.jfr.log.txt,logLevel=DEBUG

dbghelp: loaded successfully - version: 4.0.5 - missing functions: none
symbol engine: initialized successfully - sym options: 0x614 - pdb path: .;C:\Program Files\Java\jdk-24\bin;C:\Windows\SYSTEM32;C:\Windows\WinSxS\amd64_microsoft.windows.common-controls_6595b64144ccf1df_6.0.19041.4355_none_60b8b9eb71f62e16;C:\Program Files\Java\jdk-24\bin\server;C:\Users\Merab\AppData\Local\Temp\idea_libasyncProfiler_dll_temp_folder3

VM Arguments:
jvm_args: -ea -Didea.test.cyclic.buffer.size=1048576 -javaagent:D:\IntelliJ IDEA 2024.3.5\lib\idea_rt.jar=62920 -javaagent:C:\Users\Merab\AppData\Local\JetBrains\IntelliJIdea2024.3\captureAgent\debugger-agent.jar -Dkotlinx.coroutines.debug.enable.creation.stack.trace=false -Ddebugger.agent.enable.coroutines=true -Dkotlinx.coroutines.debug.enable.flows.stack.trace=true -Dkotlinx.coroutines.debug.enable.mutable.state.flows.stack.trace=true -agentpath:C:\Users\Merab\AppData\Local\Temp\idea_libasyncProfiler_dll_temp_folder3\libasyncProfiler.dll=start,jfr,event=wall,interval=10ms,jfrsync=profile,cstack=no,file=C:\Users\Merab\IdeaSnapshots\java_in_task1_2025_06_15_183505.jfr,dbghelppath=C:\Users\Merab\AppData\Local\Temp\idea_dbghelp_dll_temp_folder\dbghelp.dll,log=C:\Users\Merab\AppData\Local\Temp\java_in_task1_2025_06_15_183505.jfr.log.txt,logLevel=DEBUG -Dfile.encoding=UTF-8 -Dsun.stdout.encoding=UTF-8 -Dsun.stderr.encoding=UTF-8 
java_command: com.intellij.rt.junit.JUnitStarter -ideVersion5 -junit5 @w@C:\Users\Merab\AppData\Local\Temp\idea_working_dirs_junit.tmp @C:\Users\Merab\AppData\Local\Temp\idea_junit.tmp -socket62919
java_class_path (initial): C:\Users\Merab\.m2\repository\org\junit\platform\junit-platform-launcher\1.12.2\junit-platform-launcher-1.12.2.jar;D:\IntelliJ IDEA 2024.3.5\lib\idea_rt.jar;D:\IntelliJ IDEA 2024.3.5\plugins\junit\lib\junit5-rt.jar;D:\IntelliJ IDEA 2024.3.5\plugins\junit\lib\junit-rt.jar;C:\Users\Merab\IdeaProjects\task1\target\test-classes;C:\Users\Merab\IdeaProjects\task1\target\classes;C:\Users\Merab\.m2\repository\org\springframework\boot\spring-boot-starter\3.5.0\spring-boot-starter-3.5.0.jar;C:\Users\Merab\.m2\repository\org\springframework\boot\spring-boot\3.5.0\spring-boot-3.5.0.jar;C:\Users\Merab\.m2\repository\org\springframework\spring-context\6.2.7\spring-context-6.2.7.jar;C:\Users\Merab\.m2\repository\org\springframework\spring-expression\6.2.7\spring-expression-6.2.7.jar;C:\Users\Merab\.m2\repository\io\micrometer\micrometer-observation\1.15.0\micrometer-observation-1.15.0.jar;C:\Users\Merab\.m2\repository\io\micrometer\micrometer-commons\1.15.0\micrometer-commons-1.15.0.jar;C:\Users\Merab\.m2\repository\org\springframework\boot\spring-boot-autoconfigure\3.5.0\spring-boot-autoconfigure-3.5.0.jar;C:\Users\Merab\.m2\repository\org\springframework\boot\spring-boot-starter-logging\3.5.0\spring-boot-starter-logging-3.5.0.jar;C:\Users\Merab\.m2\repository\ch\qos\logback\logback-classic\1.5.18\logback-classic-1.5.18.jar;C:\Users\Merab\.m2\repository\ch\qos\logback\logback-core\1.5.18\logback-core-1.5.18.jar;C:\Users\Merab\.m2\repository\org\apache\logging\log4j\log4j-to-slf4j\2.24.3\log4j-to-slf4j-2.24.3.jar;C:\Users\Merab\.m2\repository\org\apache\logging\log4j\log4j-api\2.24.3\log4j-api-2.24.3.jar;C:\Users\Merab\.m2\repository\org\slf4j\jul-to-slf4j\2.0.17\jul-to-slf4j-2.0.17.jar;C:\Users\Merab\.m2\repository\jakarta\annotation\jakarta.annotation-api\2.1.1\jakarta.annotation-api-2.1.1.jar;C:\Users\Merab\.m2\repository\org\springframework\spring-core\6.2.7\spring-core-6.2.7.jar;C:\Users\Merab\.m2\repository\org\springframework\spring-jcl\6.2.7\spring-jcl-6.2.7.jar;C:\Users\Merab\.m2\repository\org\yaml\snakeyaml\2.4\snakeyaml-2.4.jar;C:\Users\Merab\.m2\repository\org\postgresql\postgresql\42.7.5\postgresql-42.7.5.jar;C:\Users\Merab\.m2\repository\org\checkerframework\checker-qual\3.48.3\checker-qual-3.48.3.jar;C:\Users\Merab\.m2\repository\org\projectlombok\lombok\1.18.38\lombok-1.18.38.jar;C:\Users\Merab\.m2\repository\org\springframework\boot\spring-boot-starter-test\3.5.0\spring-boot-starter-test-3.5.0.jar;C:\Users\Merab\.m2\repository\org\springframework\boot\spring-boot-test\3.5.0\spring-boot-test-3.5.0.jar;C:\Users\Merab\.m2\repository\org\springframework\boot\spring-boot-test-autoconfigure\3.5.0\spring-boot-test-autoconfigure-3.5.0.jar;C:\Users\Merab\.m2\repository\com\jayway\jsonpath\json-path\2.9.0\json-path-2.9.0.jar;C:\Users\Merab\.m2\repository\org\slf4j\slf4j-api\2.0.17\slf4j-api-2.0.17.jar;C:\Users\Merab\.m2\repository\jakarta\xml\bind\jakarta.xml.bind-api\4.0.2\jakarta.xml.bind-api-4.0.2.jar;C:\Users\Merab\.m2\repository\jakarta\activation\jakarta.activation-api\2.1.3\jakarta.activation-api-2.1.3.jar;C:\Users\Merab\.m2\repository\net\minidev\json-smart\2.5.2\json-smart-2.5.2.jar;C:\Users\Merab\.m2\repository\net\minidev\accessors-smart\2.5.2\accessors-smart-2.5.2.jar;C:\Users\Merab\.m2\repository\org\ow2\asm\asm\9.7.1\asm-9.7.1.jar;C:\Users\Merab\.m2\repository\org\assertj\assertj-core\3.27.3\assertj-core-3.27.3.jar;C:\Users\Merab\.m2\repository\net\bytebuddy\byte-buddy\1.17.5\byte-buddy-1.17.5.jar;C:\Users\Merab\.m2\repository\org\awaitility\awaitility\4.3.0\awaitility-4.3.0.jar;C:\Users\Merab\.m2\repository\org\hamcrest\hamcrest\3.0\hamcrest-3.0.jar;C:\Users\Merab\.m2\repository\org\junit\jupiter\junit-jupiter\5.12.2\junit-jupiter-5.12.2.jar;C:\Users\Merab\.m2\repository\org\junit\jupiter\junit-jupiter-api\5.12.2\junit-jupiter-api-5.12.2.jar;C:\Users\Merab\.m2\repository\org\opentest4j\opentest4j\1.3.0\opentest4j-1.3.0.jar;C:\Users\Merab\.m2\repository\org\junit\platform\junit-platform-commons\1.12.2\junit-platform-commons-1.12.2.jar;C:\Users\Merab\.m2\repository\org\apiguardian\apiguardian-api\1.1.2\apiguardian-api-1.1.2.jar;C:\Users\Merab\.m2\repository\org\junit\jupiter\junit-jupiter-params\5.12.2\junit-jupiter-params-5.12.2.jar;C:\Users\Merab\.m2\repository\org\junit\jupiter\junit-jupiter-engine\5.12.2\junit-jupiter-engine-5.12.2.jar;C:\Users\Merab\.m2\repository\org\junit\platform\junit-platform-engine\1.12.2\junit-platform-engine-1.12.2.jar;C:\Users\Merab\.m2\repository\org\mockito\mockito-core\5.17.0\mockito-core-5.17.0.jar;C:\Users\Merab\.m2\repository\net\bytebuddy\byte-buddy-agent\1.17.5\byte-buddy-agent-1.17.5.jar;C:\Users\Merab\.m2\repository\org\objenesis\objenesis\3.3\objenesis-3.3.jar;C:\Users\Merab\.m2\repository\org\mockito\mockito-junit-jupiter\5.17.0\mockito-junit-jupiter-5.17.0.jar;C:\Users\Merab\.m2\repository\org\skyscreamer\jsonassert\1.5.3\jsonassert-1.5.3.jar;C:\Users\Merab\.m2\repository\com\vaadin\external\google\android-json\0.0.20131108.vaadin1\android-json-0.0.20131108.vaadin1.jar;C:\Users\Merab\.m2\repository\org\springframework\spring-test\6.2.7\spring-test-6.2.7.jar;C:\Users\Merab\.m2\repository\org\xmlunit\xmlunit-core\2.10.1\xmlunit-core-2.10.1.jar;C:\Users\Merab\.m2\repository\org\springframework\boot\spring-boot-starter-data-jpa\3.5.0\spring-boot-starter-data-jpa-3.5.0.jar;C:\Users\Merab\.m2\repository\org\springframework\boot\spring-boot-starter-jdbc\3.5.0\spring-boot-starter-jdbc-3.5.0.jar;C:\Users\Merab\.m2\repository\com\zaxxer\HikariCP\6.3.0\HikariCP-6.3.0.jar;C:\Users\Merab\.m2\repository\org\springframework\spring-jdbc\6.2.7\spring-jdbc-6.2.7.jar;C:\Users\Merab\.m2\repository\org\hibernate\orm\hibernate-core\6.6.15.Final\hibernate-core-6.6.15.Final.jar;C:\Users\Merab\.m2\repository\jakarta\persistence\jakarta.persistence-api\3.1.0\jakarta.persistence-api-3.1.0.jar;C:\Users\Merab\.m2\repository\jakarta\transaction\jakarta.transaction-api\2.0.1\jakarta.transaction-api-2.0.1.jar;C:\Users\Merab\.m2\repository\org\jboss\logging\jboss-logging\3.6.1.Final\jboss-logging-3.6.1.Final.jar;C:\Users\Merab\.m2\repository\org\hibernate\common\hibernate-commons-annotations\7.0.3.Final\hibernate-commons-annotations-7.0.3.Final.jar;C:\Users\Merab\.m2\repository\io\smallrye\jandex\3.2.0\jandex-3.2.0.jar;C:\Users\Merab\.m2\repository\com\fasterxml\classmate\1.7.0\classmate-1.7.0.jar;C:\Users\Merab\.m2\repository\org\glassfish\jaxb\jaxb-runtime\4.0.5\jaxb-runtime-4.0.5.jar;C:\Users\Merab\.m2\repository\org\glassfish\jaxb\jaxb-core\4.0.5\jaxb-core-4.0.5.jar;C:\Users\Merab\.m2\repository\org\eclipse\angus\angus-activation\2.0.2\angus-activation-2.0.2.jar;C:\Users\Merab\.m2\repository\org\glassfish\jaxb\txw2\4.0.5\txw2-4.0.5.jar;C:\Users\Merab\.m2\repository\com\sun\istack\istack-commons-runtime\4.1.2\istack-commons-runtime-4.1.2.jar;C:\Users\Merab\.m2\repository\jakarta\inject\jakarta.inject-api\2.0.1\jakarta.inject-api-2.0.1.jar;C:\Users\Merab\.m2\repository\org\antlr\antlr4-runtime\4.13.0\antlr4-runtime-4.13.0.jar;C:\Users\Merab\.m2\repository\org\springframework\data\spring-data-jpa\3.5.0\spring-data-jpa-3.5.0.jar;C:\Users\Merab\.m2\repository\org\springframework\data\spring-data-commons\3.5.0\spring-data-commons-3.5.0.jar;C:\Users\Merab\.m2\repository\org\springframework\spring-orm\6.2.7\spring-orm-6.2.7.jar;C:\Users\Merab\.m2\repository\org\springframework\spring-aop\6.2.7\spring-aop-6.2.7.jar;C:\Users\Merab\.m2\repository\org\springframework\spring-tx\6.2.7\spring-tx-6.2.7.jar;C:\Users\Merab\.m2\repository\org\springframework\spring-beans\6.2.7\spring-beans-6.2.7.jar;C:\Users\Merab\.m2\repository\org\springframework\spring-aspects\6.2.7\spring-aspects-6.2.7.jar;C:\Users\Merab\.m2\repository\org\aspectj\aspectjweaver\1.9.24\aspectjweaver-1.9.24.jar
Launcher Type: SUN_STANDARD

[Global flags]
     intx CICompilerCount                          = 4                                         {product} {ergonomic}
     uint ConcGCThreads                            = 2                                         {product} {ergonomic}
     bool FlightRecorder                           = true                                      {product} {management}
     uint G1ConcRefinementThreads                  = 8                                         {product} {ergonomic}
   size_t G1HeapRegionSize                         = 2097152                                   {product} {ergonomic}
   size_t InitialHeapSize                          = 266338304                                 {product} {ergonomic}
   size_t MarkStackSize                            = 4194304                                   {product} {ergonomic}
   size_t MarkStackSizeMax                         = 536870912                                 {product} {ergonomic}
   size_t MaxHeapSize                              = 4236247040                                {product} {ergonomic}
   size_t MaxNewSize                               = 2541748224                                {product} {ergonomic}
   size_t MinHeapDeltaBytes                        = 2097152                                   {product} {ergonomic}
   size_t MinHeapSize                              = 8388608                                   {product} {ergonomic}
    uintx NonNMethodCodeHeapSize                   = 5832704                                {pd product} {ergonomic}
    uintx NonProfiledCodeHeapSize                  = 122945536                              {pd product} {ergonomic}
    uintx ProfiledCodeHeapSize                     = 122880000                              {pd product} {ergonomic}
    uintx ReservedCodeCacheSize                    = 251658240                              {pd product} {ergonomic}
     bool SegmentedCodeCache                       = true                                      {product} {ergonomic}
   size_t SoftMaxHeapSize                          = 4236247040                             {manageable} {ergonomic}
     bool UseCompressedOops                        = true                           {product lp64_product} {ergonomic}
     bool UseG1GC                                  = true                                      {product} {ergonomic}
     bool UseLargePagesIndividualAllocation        = false                                  {pd product} {ergonomic}

Logging:
Log output configuration:
 #0: stdout all=warning uptime,level,tags foldmultilines=false
 #1: stderr all=off uptime,level,tags foldmultilines=false

Environment Variables:
PATH=C:\Program Files\Common Files\Oracle\Java\javapath;C:\Python313\Scripts\;C:\Python313\;C:\Windows\system32;C:\Windows;C:\Windows\System32\Wbem;C:\Windows\System32\WindowsPowerShell\v1.0\;C:\Windows\System32\OpenSSH\;C:\Program Files\Git\cmd;C:\Program Files\nodejs\;C:\ProgramData\chocolatey\bin;C:\Program Files (x86)\ZeroTier\One\;C:\Program Files\dotnet\;C:\Users\Merab\AppData\Local\Microsoft\WindowsApps;;D:\IntelliJ IDEA 2024.3.5\bin;;D:\Microsoft VS Code\bin;C:\Users\Merab\AppData\Roaming\npm;D:\WebStorm 2025.1\bin;;D:\IntelliJ IDEA 2024.3.5\PyCharm 2025.1\bin;
USERNAME=Merab
OS=Windows_NT
PROCESSOR_IDENTIFIER=Intel64 Family 6 Model 142 Stepping 12, GenuineIntel
TMP=C:\Users\Merab\AppData\Local\Temp
TEMP=C:\Users\Merab\AppData\Local\Temp




Periodic native trim disabled

---------------  S Y S T E M  ---------------

OS:
 Windows 10 , 64 bit Build 19041 (10.0.19041.5678)
OS uptime: 0 days 4:58 hours

CPU: total 8 (initial active 8) (4 cores per cpu, 2 threads per core) family 6 model 142 stepping 12 microcode 0xfe, cx8, cmov, fxsr, ht, mmx, 3dnowpref, sse, sse2, sse3, ssse3, sse4.1, sse4.2, popcnt, lzcnt, tsc, tscinvbit, avx, avx2, aes, erms, clmul, bmi1, bmi2, adx, fma, vzeroupper, clflush, clflushopt, rdtscp, f16c
Processor Information for the first 8 processors :
  Max Mhz: 2101, Current Mhz: 2101, Mhz Limit: 2101

Memory: 4k page, system-wide physical 16157M (7020M free)
TotalPageFile size 18589M (AvailPageFile size 7278M)
current process WorkingSet (physical memory assigned to process): 101M, peak: 101M
current process commit charge ("private bytes"): 402M, peak: 402M

vm_info: Java HotSpot(TM) 64-Bit Server VM (24.0.1+9-30) for windows-amd64 JRE (24.0.1+9-30), built on 2025-03-05T07:23:45Z with MS VC++ 17.6 (VS2022)

END.
